Using pre-set license
Built from '2021.3/staging' branch; Version is '2021.3.6f1 (7da38d85baf6) revision 8233869'; Using compiler version '192829333'; Build Type 'Release'
OS: 'Windows 10  (10.0.19044) 64bit Core' Language: 'de' Physical Memory: 49077 MB
BatchMode: 1, IsHumanControllingUs: 0, StartBugReporterOnCrash: 0, Is64bit: 1, IsPro: 1

COMMAND LINE ARGUMENTS:
C:\Program Files\Unity\Hub\Editor\2021.3.6f1\Editor\Unity.exe
-adb2
-batchMode
-noUpm
-name
AssetImportWorker0
-projectPath
K:/Arbeitsarchiv/Unity/unity_top-down-gta-master/unity_top-down-gta
-logFile
Logs/AssetImportWorker0.log
-srvPort
64245
Successfully changed project path to: K:/Arbeitsarchiv/Unity/unity_top-down-gta-master/unity_top-down-gta
K:/Arbeitsarchiv/Unity/unity_top-down-gta-master/unity_top-down-gta
[UnityMemory] Configuration Parameters - Can be set up in boot.config
    "memorysetup-bucket-allocator-granularity=16"
    "memorysetup-bucket-allocator-bucket-count=8"
    "memorysetup-bucket-allocator-block-size=33554432"
    "memorysetup-bucket-allocator-block-count=8"
    "memorysetup-main-allocator-block-size=16777216"
    "memorysetup-thread-allocator-block-size=16777216"
    "memorysetup-gfx-main-allocator-block-size=16777216"
    "memorysetup-gfx-thread-allocator-block-size=16777216"
    "memorysetup-cache-allocator-block-size=4194304"
    "memorysetup-typetree-allocator-block-size=2097152"
    "memorysetup-profiler-bucket-allocator-granularity=16"
    "memorysetup-profiler-bucket-allocator-bucket-count=8"
    "memorysetup-profiler-bucket-allocator-block-size=33554432"
    "memorysetup-profiler-bucket-allocator-block-count=8"
    "memorysetup-profiler-allocator-block-size=16777216"
    "memorysetup-profiler-editor-allocator-block-size=1048576"
    "memorysetup-temp-allocator-size-main=16777216"
    "memorysetup-job-temp-allocator-block-size=2097152"
    "memorysetup-job-temp-allocator-block-size-background=1048576"
    "memorysetup-job-temp-allocator-reduction-small-platforms=262144"
    "memorysetup-temp-allocator-size-background-worker=32768"
    "memorysetup-temp-allocator-size-job-worker=262144"
    "memorysetup-temp-allocator-size-preload-manager=33554432"
    "memorysetup-temp-allocator-size-nav-mesh-worker=65536"
    "memorysetup-temp-allocator-size-audio-worker=65536"
    "memorysetup-temp-allocator-size-cloud-worker=32768"
    "memorysetup-temp-allocator-size-gi-baking-worker=262144"
    "memorysetup-temp-allocator-size-gfx=262144"
Refreshing native plugins compatible for Editor in 111.23 ms, found 2 plugins.
Preloading 0 native plugins for Editor in 0.00 ms.
Initialize engine version: 2021.3.6f1 (7da38d85baf6)
[Subsystems] Discovering subsystems at path C:/Program Files/Unity/Hub/Editor/2021.3.6f1/Editor/Data/Resources/UnitySubsystems
[Subsystems] Discovering subsystems at path K:/Arbeitsarchiv/Unity/unity_top-down-gta-master/unity_top-down-gta/Assets
GfxDevice: creating device client; threaded=0; jobified=0
Direct3D:
    Version:  Direct3D 11.0 [level 11.1]
    Renderer: NVIDIA GeForce RTX 3070 Ti (ID=0x2482)
    Vendor:   NVIDIA
    VRAM:     8041 MB
    Driver:   30.0.15.1215
Initialize mono
Mono path[0] = 'C:/Program Files/Unity/Hub/Editor/2021.3.6f1/Editor/Data/Managed'
Mono path[1] = 'C:/Program Files/Unity/Hub/Editor/2021.3.6f1/Editor/Data/MonoBleedingEdge/lib/mono/unityjit-win32'
Mono config path = 'C:/Program Files/Unity/Hub/Editor/2021.3.6f1/Editor/Data/MonoBleedingEdge/etc'
Using monoOptions --debugger-agent=transport=dt_socket,embedding=1,server=y,suspend=n,address=127.0.0.1:56044
Begin MonoManager ReloadAssembly
Registering precompiled unity dll's ...
Register platform support module: C:/Program Files/Unity/Hub/Editor/2021.3.6f1/Editor/Data/PlaybackEngines/WindowsStandaloneSupport/UnityEditor.WindowsStandalone.Extensions.dll
Registered in 0.009956 seconds.
Native extension for WindowsStandalone target not found
Refreshing native plugins compatible for Editor in 70.38 ms, found 2 plugins.
Preloading 0 native plugins for Editor in 0.00 ms.
Mono: successfully reloaded assembly
- Completed reload, in  0.703 seconds
Domain Reload Profiling:
	ReloadAssembly (703ms)
		BeginReloadAssembly (82ms)
			ExecutionOrderSort (0ms)
			DisableScriptedObjects (0ms)
			BackupInstance (0ms)
			ReleaseScriptingObjects (0ms)
			CreateAndSetChildDomain (1ms)
		EndReloadAssembly (497ms)
			LoadAssemblies (78ms)
			RebuildTransferFunctionScriptingTraits (0ms)
			SetupTypeCache (112ms)
			ReleaseScriptCaches (0ms)
			RebuildScriptCaches (28ms)
			SetupLoadedEditorAssemblies (289ms)
				LogAssemblyErrors (0ms)
				InitializePlatformSupportModulesInManaged (9ms)
				SetLoadedEditorAssemblies (0ms)
				RefreshPlugins (70ms)
				BeforeProcessingInitializeOnLoad (1ms)
				ProcessInitializeOnLoadAttributes (151ms)
				ProcessInitializeOnLoadMethodAttributes (57ms)
				AfterProcessingInitializeOnLoad (0ms)
				EditorAssembliesLoaded (0ms)
			ExecutionOrderSort2 (0ms)
			AwakeInstancesAfterBackupRestoration (0ms)
Platform modules already initialized, skipping
Registering precompiled user dll's ...
Registered in 0.012435 seconds.
Begin MonoManager ReloadAssembly
Native extension for WindowsStandalone target not found
Refreshing native plugins compatible for Editor in 0.94 ms, found 2 plugins.
Preloading 0 native plugins for Editor in 0.00 ms.
Package Manager log level set to [2]
Mono: successfully reloaded assembly
- Completed reload, in  1.353 seconds
Domain Reload Profiling:
	ReloadAssembly (1354ms)
		BeginReloadAssembly (127ms)
			ExecutionOrderSort (0ms)
			DisableScriptedObjects (6ms)
			BackupInstance (0ms)
			ReleaseScriptingObjects (0ms)
			CreateAndSetChildDomain (20ms)
		EndReloadAssembly (1058ms)
			LoadAssemblies (115ms)
			RebuildTransferFunctionScriptingTraits (0ms)
			SetupTypeCache (246ms)
			ReleaseScriptCaches (1ms)
			RebuildScriptCaches (61ms)
			SetupLoadedEditorAssemblies (566ms)
				LogAssemblyErrors (0ms)
				InitializePlatformSupportModulesInManaged (8ms)
				SetLoadedEditorAssemblies (0ms)
				RefreshPlugins (1ms)
				BeforeProcessingInitializeOnLoad (130ms)
				ProcessInitializeOnLoadAttributes (246ms)
				ProcessInitializeOnLoadMethodAttributes (167ms)
				AfterProcessingInitializeOnLoad (13ms)
				EditorAssembliesLoaded (0ms)
			ExecutionOrderSort2 (0ms)
			AwakeInstancesAfterBackupRestoration (6ms)
Platform modules already initialized, skipping
========================================================================
Worker process is ready to serve import requests
Launched and connected shader compiler UnityShaderCompiler.exe after 0.06 seconds
Refreshing native plugins compatible for Editor in 0.90 ms, found 2 plugins.
Preloading 0 native plugins for Editor in 0.00 ms.
Unloading 2577 Unused Serialized files (Serialized files now loaded: 0)
Unloading 61 unused Assets / (0.6 MB). Loaded Objects now: 3018.
Memory consumption went from 110.8 MB to 110.2 MB.
Total: 8.890100 ms (FindLiveObjects: 0.290600 ms CreateObjectMapping: 0.077700 ms MarkObjects: 8.006300 ms  DeleteObjects: 0.514100 ms)

AssetImportParameters requested are different than current active one (requested -> active):
  custom:video-decoder-ogg-theora: a1e56fd34408186e4bbccfd4996cb3dc -> 
  custom:container-muxer-webm: aa71ff27fc2769a1b78a27578f13a17b -> 
  custom:container-demuxer-webm: 4f35f7cbe854078d1ac9338744f61a02 -> 
  custom:video-encoder-webm-vp8: eb34c28f22e8b96e1ab97ce403110664 -> 
  custom:audio-encoder-webm-vorbis: bf7c407c2cedff20999df2af8eb42d56 -> 
  custom:framework-win-MediaFoundation: 216162199b28c13a410421893ffa2e32 -> 
  custom:container-demuxer-ogg: 62fdf1f143b41e24485cea50d1cbac27 -> 
  custom:video-decoder-webm-vp8: 9c59270c3fd7afecdb556c50c9e8de78 -> 
  custom:audio-decoder-ogg-vorbis: bf7c407c2cedff20999df2af8eb42d56 -> 
========================================================================
Received Import Request.
  Time since last request: 272865.594611 seconds.
  path: Assets/low_poly_characters.prefab
  artifactKey: Guid(96b3fee4b0820154b8839bee6292ee77) Importer(815301076,1909f56bfc062723c751e8b465ee728b)
Start importing Assets/low_poly_characters.prefab using Guid(96b3fee4b0820154b8839bee6292ee77) Importer(815301076,1909f56bfc062723c751e8b465ee728b)  -> (artifact id: 'bf9aae00bc3443d73ef63561cc1a6874') in 0.058800 seconds 
========================================================================
Received Import Request.
  Time since last request: 0.000030 seconds.
  path: Assets/PlayerController.prefab
  artifactKey: Guid(e2393fea18378d542acf154d3fc93a4e) Importer(815301076,1909f56bfc062723c751e8b465ee728b)
Start importing Assets/PlayerController.prefab using Guid(e2393fea18378d542acf154d3fc93a4e) Importer(815301076,1909f56bfc062723c751e8b465ee728b)  -> (artifact id: '21a48c8ee68d9c3aeafc4444443395d6') in 0.570400 seconds 
========================================================================
Received Import Request.
  Time since last request: 0.000035 seconds.
  path: Assets/linePrefab.prefab
  artifactKey: Guid(486acb68f4a6cba42a80092ab4507be4) Importer(815301076,1909f56bfc062723c751e8b465ee728b)
Start importing Assets/linePrefab.prefab using Guid(486acb68f4a6cba42a80092ab4507be4) Importer(815301076,1909f56bfc062723c751e8b465ee728b)  -> (artifact id: '6825b0709e940f873e10078e2111c41d') in 0.019010 seconds 
========================================================================
Received Import Request.
  Time since last request: 0.000048 seconds.
  path: Assets/low_poly_vehicles.fbx
  artifactKey: Guid(69f4dfd527c882349b25918cb99c6cb6) Importer(815301076,1909f56bfc062723c751e8b465ee728b)
Start importing Assets/low_poly_vehicles.fbx using Guid(69f4dfd527c882349b25918cb99c6cb6) Importer(815301076,1909f56bfc062723c751e8b465ee728b)  -> (artifact id: '036d65f652fd22658eabc5a1cd9e6b6b') in 0.437572 seconds 
========================================================================
Received Prepare
Registering precompiled user dll's ...
Registered in 0.011438 seconds.
Begin MonoManager ReloadAssembly
Native extension for WindowsStandalone target not found
Refreshing native plugins compatible for Editor in 0.99 ms, found 2 plugins.
Preloading 0 native plugins for Editor in 0.00 ms.
Mono: successfully reloaded assembly
- Completed reload, in  1.344 seconds
Domain Reload Profiling:
	ReloadAssembly (1345ms)
		BeginReloadAssembly (204ms)
			ExecutionOrderSort (0ms)
			DisableScriptedObjects (8ms)
			BackupInstance (0ms)
			ReleaseScriptingObjects (0ms)
			CreateAndSetChildDomain (85ms)
		EndReloadAssembly (1020ms)
			LoadAssemblies (119ms)
			RebuildTransferFunctionScriptingTraits (0ms)
			SetupTypeCache (218ms)
			ReleaseScriptCaches (1ms)
			RebuildScriptCaches (53ms)
			SetupLoadedEditorAssemblies (563ms)
				LogAssemblyErrors (0ms)
				InitializePlatformSupportModulesInManaged (17ms)
				SetLoadedEditorAssemblies (0ms)
				RefreshPlugins (1ms)
				BeforeProcessingInitializeOnLoad (113ms)
				ProcessInitializeOnLoadAttributes (243ms)
				ProcessInitializeOnLoadMethodAttributes (173ms)
				AfterProcessingInitializeOnLoad (15ms)
				EditorAssembliesLoaded (0ms)
			ExecutionOrderSort2 (0ms)
			AwakeInstancesAfterBackupRestoration (9ms)
Platform modules already initialized, skipping
Refreshing native plugins compatible for Editor in 11.56 ms, found 2 plugins.
Preloading 0 native plugins for Editor in 0.00 ms.
Unloading 2543 Unused Serialized files (Serialized files now loaded: 0)
Unloading 54 unused Assets / (0.7 MB). Loaded Objects now: 3038.
Memory consumption went from 126.0 MB to 125.3 MB.
Total: 8.010900 ms (FindLiveObjects: 0.337700 ms CreateObjectMapping: 0.080600 ms MarkObjects: 7.084400 ms  DeleteObjects: 0.506800 ms)

AssetImportParameters requested are different than current active one (requested -> active):
  custom:video-decoder-ogg-theora: a1e56fd34408186e4bbccfd4996cb3dc -> 
  custom:container-muxer-webm: aa71ff27fc2769a1b78a27578f13a17b -> 
  custom:container-demuxer-webm: 4f35f7cbe854078d1ac9338744f61a02 -> 
  custom:video-encoder-webm-vp8: eb34c28f22e8b96e1ab97ce403110664 -> 
  custom:audio-encoder-webm-vorbis: bf7c407c2cedff20999df2af8eb42d56 -> 
  custom:framework-win-MediaFoundation: 216162199b28c13a410421893ffa2e32 -> 
  custom:container-demuxer-ogg: 62fdf1f143b41e24485cea50d1cbac27 -> 
  custom:video-decoder-webm-vp8: 9c59270c3fd7afecdb556c50c9e8de78 -> 
  custom:audio-decoder-ogg-vorbis: bf7c407c2cedff20999df2af8eb42d56 -> 
========================================================================
Received Import Request.
  Time since last request: 296.725329 seconds.
  path: Assets/Car Dorifto.prefab
  artifactKey: Guid(c8fde695e62b47946844298b60b86b48) Importer(815301076,1909f56bfc062723c751e8b465ee728b)
Start importing Assets/Car Dorifto.prefab using Guid(c8fde695e62b47946844298b60b86b48) Importer(815301076,1909f56bfc062723c751e8b465ee728b)  -> (artifact id: 'd5d6e2740ea9a584b40f5549354ed7b0') in 0.494943 seconds 
========================================================================
Received Prepare
Registering precompiled user dll's ...
Registered in 0.009194 seconds.
Begin MonoManager ReloadAssembly
Native extension for WindowsStandalone target not found
Refreshing native plugins compatible for Editor in 1.72 ms, found 2 plugins.
Preloading 0 native plugins for Editor in 0.00 ms.
Mono: successfully reloaded assembly
- Completed reload, in  1.337 seconds
Domain Reload Profiling:
	ReloadAssembly (1338ms)
		BeginReloadAssembly (158ms)
			ExecutionOrderSort (0ms)
			DisableScriptedObjects (9ms)
			BackupInstance (0ms)
			ReleaseScriptingObjects (0ms)
			CreateAndSetChildDomain (40ms)
		EndReloadAssembly (1053ms)
			LoadAssemblies (111ms)
			RebuildTransferFunctionScriptingTraits (0ms)
			SetupTypeCache (241ms)
			ReleaseScriptCaches (1ms)
			RebuildScriptCaches (53ms)
			SetupLoadedEditorAssemblies (570ms)
				LogAssemblyErrors (0ms)
				InitializePlatformSupportModulesInManaged (22ms)
				SetLoadedEditorAssemblies (1ms)
				RefreshPlugins (2ms)
				BeforeProcessingInitializeOnLoad (108ms)
				ProcessInitializeOnLoadAttributes (243ms)
				ProcessInitializeOnLoadMethodAttributes (180ms)
				AfterProcessingInitializeOnLoad (14ms)
				EditorAssembliesLoaded (0ms)
			ExecutionOrderSort2 (0ms)
			AwakeInstancesAfterBackupRestoration (7ms)
Platform modules already initialized, skipping
Refreshing native plugins compatible for Editor in 11.06 ms, found 2 plugins.
Preloading 0 native plugins for Editor in 0.00 ms.
Unloading 2543 Unused Serialized files (Serialized files now loaded: 0)
Unloading 51 unused Assets / (0.6 MB). Loaded Objects now: 3042.
Memory consumption went from 126.0 MB to 125.4 MB.
Total: 8.533000 ms (FindLiveObjects: 0.280000 ms CreateObjectMapping: 0.069700 ms MarkObjects: 7.728500 ms  DeleteObjects: 0.453600 ms)

AssetImportParameters requested are different than current active one (requested -> active):
  custom:video-decoder-ogg-theora: a1e56fd34408186e4bbccfd4996cb3dc -> 
  custom:container-muxer-webm: aa71ff27fc2769a1b78a27578f13a17b -> 
  custom:container-demuxer-webm: 4f35f7cbe854078d1ac9338744f61a02 -> 
  custom:video-encoder-webm-vp8: eb34c28f22e8b96e1ab97ce403110664 -> 
  custom:audio-encoder-webm-vorbis: bf7c407c2cedff20999df2af8eb42d56 -> 
  custom:framework-win-MediaFoundation: 216162199b28c13a410421893ffa2e32 -> 
  custom:container-demuxer-ogg: 62fdf1f143b41e24485cea50d1cbac27 -> 
  custom:video-decoder-webm-vp8: 9c59270c3fd7afecdb556c50c9e8de78 -> 
  custom:audio-decoder-ogg-vorbis: bf7c407c2cedff20999df2af8eb42d56 -> 
========================================================================
Received Prepare
Registering precompiled user dll's ...
Registered in 0.009235 seconds.
Begin MonoManager ReloadAssembly
Native extension for WindowsStandalone target not found
Refreshing native plugins compatible for Editor in 1.55 ms, found 2 plugins.
Preloading 0 native plugins for Editor in 0.00 ms.
Mono: successfully reloaded assembly
- Completed reload, in  1.254 seconds
Domain Reload Profiling:
	ReloadAssembly (1255ms)
		BeginReloadAssembly (157ms)
			ExecutionOrderSort (0ms)
			DisableScriptedObjects (9ms)
			BackupInstance (0ms)
			ReleaseScriptingObjects (0ms)
			CreateAndSetChildDomain (38ms)
		EndReloadAssembly (986ms)
			LoadAssemblies (109ms)
			RebuildTransferFunctionScriptingTraits (0ms)
			SetupTypeCache (211ms)
			ReleaseScriptCaches (1ms)
			RebuildScriptCaches (48ms)
			SetupLoadedEditorAssemblies (563ms)
				LogAssemblyErrors (0ms)
				InitializePlatformSupportModulesInManaged (17ms)
				SetLoadedEditorAssemblies (1ms)
				RefreshPlugins (2ms)
				BeforeProcessingInitializeOnLoad (106ms)
				ProcessInitializeOnLoadAttributes (242ms)
				ProcessInitializeOnLoadMethodAttributes (181ms)
				AfterProcessingInitializeOnLoad (14ms)
				EditorAssembliesLoaded (0ms)
			ExecutionOrderSort2 (0ms)
			AwakeInstancesAfterBackupRestoration (8ms)
Platform modules already initialized, skipping
Refreshing native plugins compatible for Editor in 11.10 ms, found 2 plugins.
Preloading 0 native plugins for Editor in 0.00 ms.
Unloading 2543 Unused Serialized files (Serialized files now loaded: 0)
Unloading 50 unused Assets / (0.5 MB). Loaded Objects now: 3045.
Memory consumption went from 125.9 MB to 125.4 MB.
Total: 7.060000 ms (FindLiveObjects: 0.385000 ms CreateObjectMapping: 0.093300 ms MarkObjects: 6.221100 ms  DeleteObjects: 0.358700 ms)

AssetImportParameters requested are different than current active one (requested -> active):
  custom:video-decoder-ogg-theora: a1e56fd34408186e4bbccfd4996cb3dc -> 
  custom:container-muxer-webm: aa71ff27fc2769a1b78a27578f13a17b -> 
  custom:container-demuxer-webm: 4f35f7cbe854078d1ac9338744f61a02 -> 
  custom:video-encoder-webm-vp8: eb34c28f22e8b96e1ab97ce403110664 -> 
  custom:audio-encoder-webm-vorbis: bf7c407c2cedff20999df2af8eb42d56 -> 
  custom:framework-win-MediaFoundation: 216162199b28c13a410421893ffa2e32 -> 
  custom:container-demuxer-ogg: 62fdf1f143b41e24485cea50d1cbac27 -> 
  custom:video-decoder-webm-vp8: 9c59270c3fd7afecdb556c50c9e8de78 -> 
  custom:audio-decoder-ogg-vorbis: bf7c407c2cedff20999df2af8eb42d56 -> 
========================================================================
Received Import Request.
  Time since last request: 277.032325 seconds.
  path: Assets/Master/BloodSprayEffect.prefab
  artifactKey: Guid(768c4b7c54888b5438f3d671d78e5150) Importer(815301076,1909f56bfc062723c751e8b465ee728b)
Start importing Assets/Master/BloodSprayEffect.prefab using Guid(768c4b7c54888b5438f3d671d78e5150) Importer(815301076,1909f56bfc062723c751e8b465ee728b)  -> (artifact id: '714730b12727face4e55d0e928a3dc7e') in 0.085758 seconds 
========================================================================
Received Import Request.
  Time since last request: 0.000028 seconds.
  path: Assets/Master/FloatingText.prefab
  artifactKey: Guid(706003ad9552a48489a21e2edd33694d) Importer(815301076,1909f56bfc062723c751e8b465ee728b)
Start importing Assets/Master/FloatingText.prefab using Guid(706003ad9552a48489a21e2edd33694d) Importer(815301076,1909f56bfc062723c751e8b465ee728b)  -> (artifact id: '96f7dd27a1569680fbd0c159501e3677') in 0.011523 seconds 
========================================================================
Received Import Request.
  Time since last request: 0.000019 seconds.
  path: Assets/Master/slot.prefab
  artifactKey: Guid(7b726a8d451742845a65d48bdec4099f) Importer(815301076,1909f56bfc062723c751e8b465ee728b)
Start importing Assets/Master/slot.prefab using Guid(7b726a8d451742845a65d48bdec4099f) Importer(815301076,1909f56bfc062723c751e8b465ee728b)  -> (artifact id: '2fc299c0de66155c1cafdcfaa52ed45c') in 0.023688 seconds 
========================================================================
Received Import Request.
  Time since last request: 0.000030 seconds.
  path: Assets/Master/slot small.prefab
  artifactKey: Guid(9b13a42921df708439aebe47d2c7710b) Importer(815301076,1909f56bfc062723c751e8b465ee728b)
Start importing Assets/Master/slot small.prefab using Guid(9b13a42921df708439aebe47d2c7710b) Importer(815301076,1909f56bfc062723c751e8b465ee728b)  -> (artifact id: '49658b8d960fd6a817d7f953600eff68') in 0.012190 seconds 
========================================================================
Received Import Request.
  Time since last request: 0.386546 seconds.
  path: Assets/Master/Art/handgun_icon_1.png
  artifactKey: Guid(8cca23e94f09b4a43a0098bfa42e2c98) Importer(815301076,1909f56bfc062723c751e8b465ee728b)
Start importing Assets/Master/Art/handgun_icon_1.png using Guid(8cca23e94f09b4a43a0098bfa42e2c98) Importer(815301076,1909f56bfc062723c751e8b465ee728b)  -> (artifact id: 'bfa1143550b26c064bef9a446f0e9d24') in 0.104092 seconds 
========================================================================
Received Import Request.
  Time since last request: 0.000037 seconds.
  path: Assets/Master/Art/submachinegun_icon_2.png
  artifactKey: Guid(e3d6d7b968d29ae4c8874b4ecf78529f) Importer(815301076,1909f56bfc062723c751e8b465ee728b)
Start importing Assets/Master/Art/submachinegun_icon_2.png using Guid(e3d6d7b968d29ae4c8874b4ecf78529f) Importer(815301076,1909f56bfc062723c751e8b465ee728b)  -> (artifact id: 'e0fdfdbfe5215dc5d5c0578b8ab5153c') in 0.063723 seconds 
========================================================================
Received Import Request.
  Time since last request: 0.661311 seconds.
  path: Assets/Master/Prefabs/double_barrel_pickup.prefab
  artifactKey: Guid(3feeb91bb3eac324498fa4ab3fc14852) Importer(815301076,1909f56bfc062723c751e8b465ee728b)
Start importing Assets/Master/Prefabs/double_barrel_pickup.prefab using Guid(3feeb91bb3eac324498fa4ab3fc14852) Importer(815301076,1909f56bfc062723c751e8b465ee728b)  -> (artifact id: '59df6c548f7ea5e7407f666772643464') in 0.047747 seconds 
========================================================================
Received Import Request.
  Time since last request: 0.000022 seconds.
  path: Assets/Master/Prefabs/shotgun_pickup.prefab
  artifactKey: Guid(bdb8a93cc0d127440b55eec3c771624a) Importer(815301076,1909f56bfc062723c751e8b465ee728b)
Start importing Assets/Master/Prefabs/shotgun_pickup.prefab using Guid(bdb8a93cc0d127440b55eec3c771624a) Importer(815301076,1909f56bfc062723c751e8b465ee728b)  -> (artifact id: '98ce3764f6c3e9a3937f4682ba47c181') in 0.040574 seconds 
========================================================================
Received Import Request.
  Time since last request: 0.000028 seconds.
  path: Assets/Master/Prefabs/heavy_pistol_pickup.prefab
  artifactKey: Guid(24f77379b56b8ea4887239fc9386caf4) Importer(815301076,1909f56bfc062723c751e8b465ee728b)
Start importing Assets/Master/Prefabs/heavy_pistol_pickup.prefab using Guid(24f77379b56b8ea4887239fc9386caf4) Importer(815301076,1909f56bfc062723c751e8b465ee728b)  -> (artifact id: '5ef70e971c50bb57f9ca2331226d890a') in 0.031819 seconds 
========================================================================
Received Import Request.
  Time since last request: 0.000031 seconds.
  path: Assets/Master/Prefabs/smg_pickup.prefab
  artifactKey: Guid(e9a0472d9187e7c48b2210e81706023c) Importer(815301076,1909f56bfc062723c751e8b465ee728b)
Start importing Assets/Master/Prefabs/smg_pickup.prefab using Guid(e9a0472d9187e7c48b2210e81706023c) Importer(815301076,1909f56bfc062723c751e8b465ee728b)  -> (artifact id: 'c6962a30d23613383f09cbb406e99346') in 0.031151 seconds 
========================================================================
Received Import Request.
  Time since last request: 0.000030 seconds.
  path: Assets/Master/Prefabs/shorty_pickup.prefab
  artifactKey: Guid(9f89ae20dc1620a43966745af87727ed) Importer(815301076,1909f56bfc062723c751e8b465ee728b)
Start importing Assets/Master/Prefabs/shorty_pickup.prefab using Guid(9f89ae20dc1620a43966745af87727ed) Importer(815301076,1909f56bfc062723c751e8b465ee728b)  -> (artifact id: '933de9ceb75433f47389f333f7530e07') in 0.028965 seconds 
========================================================================
Received Import Request.
  Time since last request: 0.000038 seconds.
  path: Assets/Master/Prefabs/small_ammo_16.prefab
  artifactKey: Guid(9c48cde5e720f36459e362995d2a043d) Importer(815301076,1909f56bfc062723c751e8b465ee728b)
Start importing Assets/Master/Prefabs/small_ammo_16.prefab using Guid(9c48cde5e720f36459e362995d2a043d) Importer(815301076,1909f56bfc062723c751e8b465ee728b)  -> (artifact id: 'e5d8d99cb5fa13aaab517c4168ace6df') in 0.023636 seconds 
========================================================================
Received Prepare
Registering precompiled user dll's ...
Registered in 0.012216 seconds.
Begin MonoManager ReloadAssembly
Native extension for WindowsStandalone target not found
Refreshing native plugins compatible for Editor in 1.43 ms, found 2 plugins.
Preloading 0 native plugins for Editor in 0.00 ms.
Mono: successfully reloaded assembly
- Completed reload, in  1.319 seconds
Domain Reload Profiling:
	ReloadAssembly (1320ms)
		BeginReloadAssembly (151ms)
			ExecutionOrderSort (0ms)
			DisableScriptedObjects (8ms)
			BackupInstance (0ms)
			ReleaseScriptingObjects (0ms)
			CreateAndSetChildDomain (43ms)
		EndReloadAssembly (1037ms)
			LoadAssemblies (110ms)
			RebuildTransferFunctionScriptingTraits (0ms)
			SetupTypeCache (224ms)
			ReleaseScriptCaches (1ms)
			RebuildScriptCaches (56ms)
			SetupLoadedEditorAssemblies (581ms)
				LogAssemblyErrors (0ms)
				InitializePlatformSupportModulesInManaged (16ms)
				SetLoadedEditorAssemblies (1ms)
				RefreshPlugins (2ms)
				BeforeProcessingInitializeOnLoad (110ms)
				ProcessInitializeOnLoadAttributes (254ms)
				ProcessInitializeOnLoadMethodAttributes (183ms)
				AfterProcessingInitializeOnLoad (16ms)
				EditorAssembliesLoaded (0ms)
			ExecutionOrderSort2 (0ms)
			AwakeInstancesAfterBackupRestoration (8ms)
Platform modules already initialized, skipping
Refreshing native plugins compatible for Editor in 10.64 ms, found 2 plugins.
Preloading 0 native plugins for Editor in 0.00 ms.
Unloading 2543 Unused Serialized files (Serialized files now loaded: 0)
Unloading 51 unused Assets / (0.6 MB). Loaded Objects now: 3052.
Memory consumption went from 126.0 MB to 125.4 MB.
Total: 8.652500 ms (FindLiveObjects: 0.281100 ms CreateObjectMapping: 0.076000 ms MarkObjects: 7.767300 ms  DeleteObjects: 0.526600 ms)

AssetImportParameters requested are different than current active one (requested -> active):
  custom:video-decoder-ogg-theora: a1e56fd34408186e4bbccfd4996cb3dc -> 
  custom:container-muxer-webm: aa71ff27fc2769a1b78a27578f13a17b -> 
  custom:container-demuxer-webm: 4f35f7cbe854078d1ac9338744f61a02 -> 
  custom:video-encoder-webm-vp8: eb34c28f22e8b96e1ab97ce403110664 -> 
  custom:audio-encoder-webm-vorbis: bf7c407c2cedff20999df2af8eb42d56 -> 
  custom:framework-win-MediaFoundation: 216162199b28c13a410421893ffa2e32 -> 
  custom:container-demuxer-ogg: 62fdf1f143b41e24485cea50d1cbac27 -> 
  custom:video-decoder-webm-vp8: 9c59270c3fd7afecdb556c50c9e8de78 -> 
  custom:audio-decoder-ogg-vorbis: bf7c407c2cedff20999df2af8eb42d56 -> 
Editor requested this worker to shutdown with reason: Scaling down because of idle timeout
AssetImportWorker is now disconnected from the server
Process exiting
Exiting without the bug reporter. Application will terminate with return code 0